d:\pg\project_w\project_w\x64\debug\vc143.pdb
d:\pg\project_w\project_w\x64\debug\vc143.idb
d:\pg\project_w\project_w\x64\debug\window.obj
d:\pg\project_w\project_w\x64\debug\tiny_obj_loader.obj
d:\pg\project_w\project_w\x64\debug\stb_image.obj
d:\pg\project_w\project_w\x64\debug\skybox.obj
d:\pg\project_w\project_w\x64\debug\shader.obj
d:\pg\project_w\project_w\x64\debug\model3d.obj
d:\pg\project_w\project_w\x64\debug\mesh.obj
d:\pg\project_w\project_w\x64\debug\main.obj
d:\pg\project_w\project_w\x64\debug\camera.obj
d:\pg\project_w\project_w\x64\debug\project_w.ilk
d:\pg\project_w\x64\debug\project_w.exe
d:\pg\project_w\x64\debug\project_w.pdb
d:\pg\project_w\project_w\x64\debug\project_w.tlog\cl.command.1.tlog
d:\pg\project_w\project_w\x64\debug\project_w.tlog\cl.read.1.tlog
d:\pg\project_w\project_w\x64\debug\project_w.tlog\cl.write.1.tlog
d:\pg\project_w\project_w\x64\debug\project_w.tlog\link.command.1.tlog
d:\pg\project_w\project_w\x64\debug\project_w.tlog\link.read.1.tlog
d:\pg\project_w\project_w\x64\debug\project_w.tlog\link.write.1.tlog
